<?xml version="1.0" encoding="UTF-8"?>
<!-- Generated by org.testng.reporters.JUnitReportReporter -->
<testsuite hostname="MUTHURAMAN-LAPTOP" failures="0" tests="1" name="cucumber.TestNGTestRunner" time="7.999" errors="0" timestamp="2022-11-27T12:56:49 IST" skipped="0">
  <testcase classname="cucumber.TestNGTestRunner" name="runScenario" time="7.999"/>
  <system-out/>
</testsuite> <!-- cucumber.TestNGTestRunner -->
