<?xml version="1.0" encoding="UTF-8"?>
<!-- Generated by org.testng.reporters.JUnitReportReporter -->
<testsuite hostname="MUTHURAMAN-LAPTOP" failures="0" tests="1" name="cucumber.TestNGTestRunner" time="6.380" errors="0" timestamp="2022-11-27T13:03:00 IST" skipped="0">
  <testcase classname="cucumber.TestNGTestRunner" name="runScenario" time="6.380"/>
  <system-out/>
</testsuite> <!-- cucumber.TestNGTestRunner -->
